# JRE version: Java(TM) SE Runtime Environment (8.0_301-b09) (build 1.8.0_301-b09)
# Java VM: Java HotSpot(TM) 64-Bit Server VM (25.301-b09 mixed mode windows-amd64 compressed oops)
Heap:
 PSYoungGen      total 37888K, used 13787K [0x00000000d6300000, 0x00000000d9480000, 0x0000000100000000)
  eden space 32768K, 26% used [0x00000000d6300000,0x00000000d6b7dd10,0x00000000d8300000)
  from space 5120K, 99% used [0x00000000d8300000,0x00000000d87f9030,0x00000000d8800000)
  to   space 5120K, 0% used [0x00000000d8f80000,0x00000000d8f80000,0x00000000d9480000)
 ParOldGen       total 72192K, used 16838K [0x0000000082800000, 0x0000000086e80000, 0x00000000d6300000)
  object space 72192K, 23% used [0x0000000082800000,0x0000000083871930,0x0000000086e80000)
 Metaspace       used 22574K, capacity 23926K, committed 24192K, reserved 1071104K
  class space    used 3091K, capacity 3360K, committed 3456K, reserved 1048576K
GC Heap History (8 events):
Event: 0.932 GC heap before
{Heap before GC invocations=1 (full 0):
 PSYoungGen      total 37888K, used 32768K [0x00000000d6300000, 0x00000000d8d00000, 0x0000000100000000)
  eden space 32768K, 100% used [0x00000000d6300000,0x00000000d8300000,0x00000000d8300000)
  from space 5120K, 0% used [0x00000000d8800000,0x00000000d8800000,0x00000000d8d00000)
  to   space 5120K, 0% used [0x00000000d8300000,0x00000000d8300000,0x00000000d8800000)
 ParOldGen       total 86016K, used 0K [0x0000000082800000, 0x0000000087c00000, 0x00000000d6300000)
  object space 86016K, 0% used [0x0000000082800000,0x0000000082800000,0x0000000087c00000)
 Metaspace       used 15688K, capacity 16230K, committed 16640K, reserved 1062912K
  class space    used 2069K, capacity 2220K, committed 2304K, reserved 1048576K
Event: 0.937 GC heap after
Heap after GC invocations=1 (full 0):
 PSYoungGen      total 37888K, used 5118K [0x00000000d6300000, 0x00000000d8d00000, 0x0000000100000000)
  eden space 32768K, 0% used [0x00000000d6300000,0x00000000d6300000,0x00000000d8300000)
  from space 5120K, 99% used [0x00000000d8300000,0x00000000d87ffb98,0x00000000d8800000)
  to   space 5120K, 0% used [0x00000000d8800000,0x00000000d8800000,0x00000000d8d00000)
 ParOldGen       total 86016K, used 3373K [0x0000000082800000, 0x0000000087c00000, 0x00000000d6300000)
  object space 86016K, 3% used [0x0000000082800000,0x0000000082b4b548,0x0000000087c00000)
 Metaspace       used 15688K, capacity 16230K, committed 16640K, reserved 1062912K
  class space    used 2069K, capacity 2220K, committed 2304K, reserved 1048576K
}
Event: 1.474 GC heap before
{Heap before GC invocations=2 (full 0):
 PSYoungGen      total 37888K, used 26516K [0x00000000d6300000, 0x00000000d8d00000, 0x0000000100000000)
  eden space 32768K, 65% used [0x00000000d6300000,0x00000000d77e5578,0x00000000d8300000)
  from space 5120K, 99% used [0x00000000d8300000,0x00000000d87ffb98,0x00000000d8800000)
  to   space 5120K, 0% used [0x00000000d8800000,0x00000000d8800000,0x00000000d8d00000)
 ParOldGen       total 86016K, used 3373K [0x0000000082800000, 0x0000000087c00000, 0x00000000d6300000)
  object space 86016K, 3% used [0x0000000082800000,0x0000000082b4b548,0x0000000087c00000)
 Metaspace       used 20062K, capacity 21206K, committed 21248K, reserved 1067008K
  class space    used 2826K, capacity 3038K, committed 3072K, reserved 1048576K
Event: 1.492 GC heap after
Heap after GC invocations=2 (full 0):
 PSYoungGen      total 37888K, used 5088K [0x00000000d6300000, 0x00000000dad00000, 0x0000000100000000)
  eden space 32768K, 0% used [0x00000000d6300000,0x00000000d6300000,0x00000000d8300000)
  from space 5120K, 99% used [0x00000000d8800000,0x00000000d8cf8060,0x00000000d8d00000)
  to   space 5120K, 0% used [0x00000000d8300000,0x00000000d8300000,0x00000000d8800000)
 ParOldGen       total 86016K, used 7123K [0x0000000082800000, 0x0000000087c00000, 0x00000000d6300000)
  object space 86016K, 8% used [0x0000000082800000,0x0000000082ef4ff8,0x0000000087c00000)
 Metaspace       used 20062K, capacity 21206K, committed 21248K, reserved 1067008K
  class space    used 2826K, capacity 3038K, committed 3072K, reserved 1048576K
}
Event: 1.492 GC heap before
{Heap before GC invocations=3 (full 1):
 PSYoungGen      total 37888K, used 5088K [0x00000000d6300000, 0x00000000dad00000, 0x0000000100000000)
  eden space 32768K, 0% used [0x00000000d6300000,0x00000000d6300000,0x00000000d8300000)
  from space 5120K, 99% used [0x00000000d8800000,0x00000000d8cf8060,0x00000000d8d00000)
  to   space 5120K, 0% used [0x00000000d8300000,0x00000000d8300000,0x00000000d8800000)
 ParOldGen       total 86016K, used 7123K [0x0000000082800000, 0x0000000087c00000, 0x00000000d6300000)
  object space 86016K, 8% used [0x0000000082800000,0x0000000082ef4ff8,0x0000000087c00000)
 Metaspace       used 20062K, capacity 21206K, committed 21248K, reserved 1067008K
  class space    used 2826K, capacity 3038K, committed 3072K, reserved 1048576K
Event: 1.557 GC heap after
Heap after GC invocations=3 (full 1):
 PSYoungGen      total 37888K, used 0K [0x00000000d6300000, 0x00000000dad00000, 0x0000000100000000)
  eden space 32768K, 0% used [0x00000000d6300000,0x00000000d6300000,0x00000000d8300000)
  from space 5120K, 0% used [0x00000000d8800000,0x00000000d8800000,0x00000000d8d00000)
  to   space 5120K, 0% used [0x00000000d8300000,0x00000000d8300000,0x00000000d8800000)
 ParOldGen       total 72192K, used 11586K [0x0000000082800000, 0x0000000086e80000, 0x00000000d6300000)
  object space 72192K, 16% used [0x0000000082800000,0x0000000083350a20,0x0000000086e80000)
 Metaspace       used 20062K, capacity 21206K, committed 21248K, reserved 1067008K
  class space    used 2826K, capacity 3038K, committed 3072K, reserved 1048576K
}
Event: 38.848 GC heap before
{Heap before GC invocations=4 (full 1):
 PSYoungGen      total 37888K, used 30686K [0x00000000d6300000, 0x00000000dad00000, 0x0000000100000000)
  eden space 32768K, 93% used [0x00000000d6300000,0x00000000d80f7980,0x00000000d8300000)
  from space 5120K, 0% used [0x00000000d8800000,0x00000000d8800000,0x00000000d8d00000)
  to   space 5120K, 0% used [0x00000000d8300000,0x00000000d8300000,0x00000000d8800000)
 ParOldGen       total 72192K, used 11586K [0x0000000082800000, 0x0000000086e80000, 0x00000000d6300000)
  object space 72192K, 16% used [0x0000000082800000,0x0000000083350a20,0x0000000086e80000)
 Metaspace       used 22527K, capacity 23926K, committed 24192K, reserved 1071104K
  class space    used 3090K, capacity 3360K, committed 3456K, reserved 1048576K
Event: 38.854 GC heap after
Heap after GC invocations=4 (full 1):
 PSYoungGen      total 37888K, used 5092K [0x00000000d6300000, 0x00000000d9480000, 0x0000000100000000)
  eden space 32768K, 0% used [0x00000000d6300000,0x00000000d6300000,0x00000000d8300000)
  from space 5120K, 99% used [0x00000000d8300000,0x00000000d87f9030,0x00000000d8800000)
  to   space 5120K, 0% used [0x00000000d8f80000,0x00000000d8f80000,0x00000000d9480000)
 ParOldGen       total 72192K, used 16838K [0x0000000082800000, 0x0000000086e80000, 0x00000000d6300000)
  object space 72192K, 23% used [0x0000000082800000,0x0000000083871930,0x0000000086e80000)
 Metaspace       used 22527K, capacity 23926K, committed 24192K, reserved 1071104K
  class space    used 3090K, capacity 3360K, committed 3456K, reserved 1048576K
}

