# JRE version: Java(TM) SE Runtime Environment (8.0_301-b09) (build 1.8.0_301-b09)
# Java VM: Java HotSpot(TM) 64-Bit Server VM (25.301-b09 mixed mode windows-amd64 compressed oops)
Heap:
 PSYoungGen      total 37888K, used 6629K [0x00000000d6300000, 0x00000000d8d00000, 0x0000000100000000)
  eden space 32768K, 20% used [0x00000000d6300000,0x00000000d6979738,0x00000000d8300000)
  from space 5120K, 0% used [0x00000000d8800000,0x00000000d8800000,0x00000000d8d00000)
  to   space 5120K, 0% used [0x00000000d8300000,0x00000000d8300000,0x00000000d8800000)
 ParOldGen       total 72704K, used 11671K [0x0000000082800000, 0x0000000086f00000, 0x00000000d6300000)
  object space 72704K, 16% used [0x0000000082800000,0x0000000083365fb8,0x0000000086f00000)
 Metaspace       used 20584K, capacity 21802K, committed 22144K, reserved 1069056K
  class space    used 2904K, capacity 3150K, committed 3200K, reserved 1048576K
GC Heap History (6 events):
Event: 0.985 GC heap before
{Heap before GC invocations=1 (full 0):
 PSYoungGen      total 37888K, used 32768K [0x00000000d6300000, 0x00000000d8d00000, 0x0000000100000000)
  eden space 32768K, 100% used [0x00000000d6300000,0x00000000d8300000,0x00000000d8300000)
  from space 5120K, 0% used [0x00000000d8800000,0x00000000d8800000,0x00000000d8d00000)
  to   space 5120K, 0% used [0x00000000d8300000,0x00000000d8300000,0x00000000d8800000)
 ParOldGen       total 86016K, used 0K [0x0000000082800000, 0x0000000087c00000, 0x00000000d6300000)
  object space 86016K, 0% used [0x0000000082800000,0x0000000082800000,0x0000000087c00000)
 Metaspace       used 15648K, capacity 16230K, committed 16640K, reserved 1062912K
  class space    used 2062K, capacity 2220K, committed 2304K, reserved 1048576K
Event: 0.991 GC heap after
Heap after GC invocations=1 (full 0):
 PSYoungGen      total 37888K, used 5107K [0x00000000d6300000, 0x00000000d8d00000, 0x0000000100000000)
  eden space 32768K, 0% used [0x00000000d6300000,0x00000000d6300000,0x00000000d8300000)
  from space 5120K, 99% used [0x00000000d8300000,0x00000000d87fcf60,0x00000000d8800000)
  to   space 5120K, 0% used [0x00000000d8800000,0x00000000d8800000,0x00000000d8d00000)
 ParOldGen       total 86016K, used 3257K [0x0000000082800000, 0x0000000087c00000, 0x00000000d6300000)
  object space 86016K, 3% used [0x0000000082800000,0x0000000082b2e4c8,0x0000000087c00000)
 Metaspace       used 15648K, capacity 16230K, committed 16640K, reserved 1062912K
  class space    used 2062K, capacity 2220K, committed 2304K, reserved 1048576K
}
Event: 1.584 GC heap before
{Heap before GC invocations=2 (full 0):
 PSYoungGen      total 37888K, used 25709K [0x00000000d6300000, 0x00000000d8d00000, 0x0000000100000000)
  eden space 32768K, 62% used [0x00000000d6300000,0x00000000d771e650,0x00000000d8300000)
  from space 5120K, 99% used [0x00000000d8300000,0x00000000d87fcf60,0x00000000d8800000)
  to   space 5120K, 0% used [0x00000000d8800000,0x00000000d8800000,0x00000000d8d00000)
 ParOldGen       total 86016K, used 3257K [0x0000000082800000, 0x0000000087c00000, 0x00000000d6300000)
  object space 86016K, 3% used [0x0000000082800000,0x0000000082b2e4c8,0x0000000087c00000)
 Metaspace       used 20068K, capacity 21218K, committed 21296K, reserved 1067008K
  class space    used 2826K, capacity 3040K, committed 3072K, reserved 1048576K
Event: 1.594 GC heap after
Heap after GC invocations=2 (full 0):
 PSYoungGen      total 37888K, used 5107K [0x00000000d6300000, 0x00000000d8d00000, 0x0000000100000000)
  eden space 32768K, 0% used [0x00000000d6300000,0x00000000d6300000,0x00000000d8300000)
  from space 5120K, 99% used [0x00000000d8800000,0x00000000d8cfcf60,0x00000000d8d00000)
  to   space 5120K, 0% used [0x00000000d8300000,0x00000000d8300000,0x00000000d8800000)
 ParOldGen       total 86016K, used 7555K [0x0000000082800000, 0x0000000087c00000, 0x00000000d6300000)
  object space 86016K, 8% used [0x0000000082800000,0x0000000082f60f58,0x0000000087c00000)
 Metaspace       used 20068K, capacity 21218K, committed 21296K, reserved 1067008K
  class space    used 2826K, capacity 3040K, committed 3072K, reserved 1048576K
}
Event: 1.594 GC heap before
{Heap before GC invocations=3 (full 1):
 PSYoungGen      total 37888K, used 5107K [0x00000000d6300000, 0x00000000d8d00000, 0x0000000100000000)
  eden space 32768K, 0% used [0x00000000d6300000,0x00000000d6300000,0x00000000d8300000)
  from space 5120K, 99% used [0x00000000d8800000,0x00000000d8cfcf60,0x00000000d8d00000)
  to   space 5120K, 0% used [0x00000000d8300000,0x00000000d8300000,0x00000000d8800000)
 ParOldGen       total 86016K, used 7555K [0x0000000082800000, 0x0000000087c00000, 0x00000000d6300000)
  object space 86016K, 8% used [0x0000000082800000,0x0000000082f60f58,0x0000000087c00000)
 Metaspace       used 20068K, capacity 21218K, committed 21296K, reserved 1067008K
  class space    used 2826K, capacity 3040K, committed 3072K, reserved 1048576K
Event: 1.639 GC heap after
Heap after GC invocations=3 (full 1):
 PSYoungGen      total 37888K, used 0K [0x00000000d6300000, 0x00000000d8d00000, 0x0000000100000000)
  eden space 32768K, 0% used [0x00000000d6300000,0x00000000d6300000,0x00000000d8300000)
  from space 5120K, 0% used [0x00000000d8800000,0x00000000d8800000,0x00000000d8d00000)
  to   space 5120K, 0% used [0x00000000d8300000,0x00000000d8300000,0x00000000d8800000)
 ParOldGen       total 72704K, used 11671K [0x0000000082800000, 0x0000000086f00000, 0x00000000d6300000)
  object space 72704K, 16% used [0x0000000082800000,0x0000000083365fb8,0x0000000086f00000)
 Metaspace       used 20068K, capacity 21218K, committed 21296K, reserved 1067008K
  class space    used 2826K, capacity 3040K, committed 3072K, reserved 1048576K
}

