# JRE version: Java(TM) SE Runtime Environment (8.0_301-b09) (build 1.8.0_301-b09)
# Java VM: Java HotSpot(TM) 64-Bit Server VM (25.301-b09 mixed mode windows-amd64 compressed oops)
Heap:
 PSYoungGen      total 37888K, used 7371K [0x00000000d6300000, 0x00000000d8d00000, 0x0000000100000000)
  eden space 32768K, 11% used [0x00000000d6300000,0x00000000d668ae10,0x00000000d8300000)
  from space 5120K, 73% used [0x00000000d8300000,0x00000000d86a8048,0x00000000d8800000)
  to   space 5120K, 0% used [0x00000000d8800000,0x00000000d8800000,0x00000000d8d00000)
 ParOldGen       total 56832K, used 12834K [0x0000000082800000, 0x0000000085f80000, 0x00000000d6300000)
  object space 56832K, 22% used [0x0000000082800000,0x00000000834889b8,0x0000000085f80000)
 Metaspace       used 28301K, capacity 29354K, committed 29440K, reserved 1075200K
  class space    used 3739K, capacity 4022K, committed 4096K, reserved 1048576K
GC Heap History (10 events):
Event: 5.180 GC heap before
{Heap before GC invocations=2 (full 0):
 PSYoungGen      total 37888K, used 30316K [0x00000000d6300000, 0x00000000d8d00000, 0x0000000100000000)
  eden space 32768K, 76% used [0x00000000d6300000,0x00000000d7b9c8e8,0x00000000d8300000)
  from space 5120K, 99% used [0x00000000d8300000,0x00000000d87feb10,0x00000000d8800000)
  to   space 5120K, 0% used [0x00000000d8800000,0x00000000d8800000,0x00000000d8d00000)
 ParOldGen       total 86016K, used 784K [0x0000000082800000, 0x0000000087c00000, 0x00000000d6300000)
  object space 86016K, 0% used [0x0000000082800000,0x00000000828c4310,0x0000000087c00000)
 Metaspace       used 20355K, capacity 21172K, committed 21248K, reserved 1067008K
  class space    used 2821K, capacity 3037K, committed 3072K, reserved 1048576K
Event: 5.187 GC heap after
Heap after GC invocations=2 (full 0):
 PSYoungGen      total 37888K, used 5114K [0x00000000d6300000, 0x00000000d8d00000, 0x0000000100000000)
  eden space 32768K, 0% used [0x00000000d6300000,0x00000000d6300000,0x00000000d8300000)
  from space 5120K, 99% used [0x00000000d8800000,0x00000000d8cfeb40,0x00000000d8d00000)
  to   space 5120K, 0% used [0x00000000d8300000,0x00000000d8300000,0x00000000d8800000)
 ParOldGen       total 86016K, used 9872K [0x0000000082800000, 0x0000000087c00000, 0x00000000d6300000)
  object space 86016K, 11% used [0x0000000082800000,0x00000000831a4288,0x0000000087c00000)
 Metaspace       used 20355K, capacity 21172K, committed 21248K, reserved 1067008K
  class space    used 2821K, capacity 3037K, committed 3072K, reserved 1048576K
}
Event: 5.187 GC heap before
{Heap before GC invocations=3 (full 1):
 PSYoungGen      total 37888K, used 5114K [0x00000000d6300000, 0x00000000d8d00000, 0x0000000100000000)
  eden space 32768K, 0% used [0x00000000d6300000,0x00000000d6300000,0x00000000d8300000)
  from space 5120K, 99% used [0x00000000d8800000,0x00000000d8cfeb40,0x00000000d8d00000)
  to   space 5120K, 0% used [0x00000000d8300000,0x00000000d8300000,0x00000000d8800000)
 ParOldGen       total 86016K, used 9872K [0x0000000082800000, 0x0000000087c00000, 0x00000000d6300000)
  object space 86016K, 11% used [0x0000000082800000,0x00000000831a4288,0x0000000087c00000)
 Metaspace       used 20355K, capacity 21172K, committed 21248K, reserved 1067008K
  class space    used 2821K, capacity 3037K, committed 3072K, reserved 1048576K
Event: 5.204 GC heap after
Heap after GC invocations=3 (full 1):
 PSYoungGen      total 37888K, used 0K [0x00000000d6300000, 0x00000000d8d00000, 0x0000000100000000)
  eden space 32768K, 0% used [0x00000000d6300000,0x00000000d6300000,0x00000000d8300000)
  from space 5120K, 0% used [0x00000000d8800000,0x00000000d8800000,0x00000000d8d00000)
  to   space 5120K, 0% used [0x00000000d8300000,0x00000000d8300000,0x00000000d8800000)
 ParOldGen       total 56832K, used 12810K [0x0000000082800000, 0x0000000085f80000, 0x00000000d6300000)
  object space 56832K, 22% used [0x0000000082800000,0x00000000834829b8,0x0000000085f80000)
 Metaspace       used 20355K, capacity 21172K, committed 21248K, reserved 1067008K
  class space    used 2821K, capacity 3037K, committed 3072K, reserved 1048576K
}
Event: 7.256 GC heap before
{Heap before GC invocations=4 (full 1):
 PSYoungGen      total 37888K, used 32768K [0x00000000d6300000, 0x00000000d8d00000, 0x0000000100000000)
  eden space 32768K, 100% used [0x00000000d6300000,0x00000000d8300000,0x00000000d8300000)
  from space 5120K, 0% used [0x00000000d8800000,0x00000000d8800000,0x00000000d8d00000)
  to   space 5120K, 0% used [0x00000000d8300000,0x00000000d8300000,0x00000000d8800000)
 ParOldGen       total 56832K, used 12810K [0x0000000082800000, 0x0000000085f80000, 0x00000000d6300000)
  object space 56832K, 22% used [0x0000000082800000,0x00000000834829b8,0x0000000085f80000)
 Metaspace       used 26381K, capacity 27342K, committed 27392K, reserved 1073152K
  class space    used 3569K, capacity 3824K, committed 3840K, reserved 1048576K
Event: 7.259 GC heap after
Heap after GC invocations=4 (full 1):
 PSYoungGen      total 37888K, used 4779K [0x00000000d6300000, 0x00000000d8d00000, 0x0000000100000000)
  eden space 32768K, 0% used [0x00000000d6300000,0x00000000d6300000,0x00000000d8300000)
  from space 5120K, 93% used [0x00000000d8300000,0x00000000d87aad68,0x00000000d8800000)
  to   space 5120K, 0% used [0x00000000d8800000,0x00000000d8800000,0x00000000d8d00000)
 ParOldGen       total 56832K, used 12818K [0x0000000082800000, 0x0000000085f80000, 0x00000000d6300000)
  object space 56832K, 22% used [0x0000000082800000,0x00000000834849b8,0x0000000085f80000)
 Metaspace       used 26381K, capacity 27342K, committed 27392K, reserved 1073152K
  class space    used 3569K, capacity 3824K, committed 3840K, reserved 1048576K
}
Event: 20.880 GC heap before
{Heap before GC invocations=5 (full 1):
 PSYoungGen      total 37888K, used 37547K [0x00000000d6300000, 0x00000000d8d00000, 0x0000000100000000)
  eden space 32768K, 100% used [0x00000000d6300000,0x00000000d8300000,0x00000000d8300000)
  from space 5120K, 93% used [0x00000000d8300000,0x00000000d87aad68,0x00000000d8800000)
  to   space 5120K, 0% used [0x00000000d8800000,0x00000000d8800000,0x00000000d8d00000)
 ParOldGen       total 56832K, used 12818K [0x0000000082800000, 0x0000000085f80000, 0x00000000d6300000)
  object space 56832K, 22% used [0x0000000082800000,0x00000000834849b8,0x0000000085f80000)
 Metaspace       used 28221K, capacity 29258K, committed 29440K, reserved 1075200K
  class space    used 3736K, capacity 3990K, committed 4096K, reserved 1048576K
Event: 20.885 GC heap after
Heap after GC invocations=5 (full 1):
 PSYoungGen      total 37888K, used 4003K [0x00000000d6300000, 0x00000000d8d00000, 0x0000000100000000)
  eden space 32768K, 0% used [0x00000000d6300000,0x00000000d6300000,0x00000000d8300000)
  from space 5120K, 78% used [0x00000000d8800000,0x00000000d8be8f70,0x00000000d8d00000)
  to   space 5120K, 0% used [0x00000000d8300000,0x00000000d8300000,0x00000000d8800000)
 ParOldGen       total 56832K, used 12826K [0x0000000082800000, 0x0000000085f80000, 0x00000000d6300000)
  object space 56832K, 22% used [0x0000000082800000,0x00000000834869b8,0x0000000085f80000)
 Metaspace       used 28221K, capacity 29258K, committed 29440K, reserved 1075200K
  class space    used 3736K, capacity 3990K, committed 4096K, reserved 1048576K
}
Event: 76.335 GC heap before
{Heap before GC invocations=6 (full 1):
 PSYoungGen      total 37888K, used 36771K [0x00000000d6300000, 0x00000000d8d00000, 0x0000000100000000)
  eden space 32768K, 100% used [0x00000000d6300000,0x00000000d8300000,0x00000000d8300000)
  from space 5120K, 78% used [0x00000000d8800000,0x00000000d8be8f70,0x00000000d8d00000)
  to   space 5120K, 0% used [0x00000000d8300000,0x00000000d8300000,0x00000000d8800000)
 ParOldGen       total 56832K, used 12826K [0x0000000082800000, 0x0000000085f80000, 0x00000000d6300000)
  object space 56832K, 22% used [0x0000000082800000,0x00000000834869b8,0x0000000085f80000)
 Metaspace       used 28288K, capacity 29354K, committed 29440K, reserved 1075200K
  class space    used 3736K, capacity 4022K, committed 4096K, reserved 1048576K
Event: 76.338 GC heap after
Heap after GC invocations=6 (full 1):
 PSYoungGen      total 37888K, used 3744K [0x00000000d6300000, 0x00000000d8d00000, 0x0000000100000000)
  eden space 32768K, 0% used [0x00000000d6300000,0x00000000d6300000,0x00000000d8300000)
  from space 5120K, 73% used [0x00000000d8300000,0x00000000d86a8048,0x00000000d8800000)
  to   space 5120K, 0% used [0x00000000d8800000,0x00000000d8800000,0x00000000d8d00000)
 ParOldGen       total 56832K, used 12834K [0x0000000082800000, 0x0000000085f80000, 0x00000000d6300000)
  object space 56832K, 22% used [0x0000000082800000,0x00000000834889b8,0x0000000085f80000)
 Metaspace       used 28288K, capacity 29354K, committed 29440K, reserved 1075200K
  class space    used 3736K, capacity 4022K, committed 4096K, reserved 1048576K
}

